

Version:	3.14
CmdLine:	C:\Users\acomb\Desktop\csse220-arcade-game-project.exe --l4j-debug
WOW64:		yes
Working dir:	C:\Users\acomb\Desktop\.
Java min ver:	
Java max ver:	
Bundled JRE(s):	C:\Program Files\Java\OpenJDK\JDK 18\jdk-18.0.2\bin
Check launcher:	C:\Program Files\Java\OpenJDK\JDK 18\jdk-18.0.2\bin\javaw.exe (OK)
Launcher:	C:\Program Files\Java\OpenJDK\JDK 18\jdk-18.0.2\bin\javaw.exe
Launcher args:	-jar "C:\Users\acomb\Desktop\csse220-arcade-game-project.exe"
Args length:	61/32768 chars
Exit code:	0


Version:	3.14
CmdLine:	C:\Users\acomb\Desktop\csse220-arcade-game-project.exe --l4j-debug
WOW64:		yes
Working dir:	C:\Users\acomb\Desktop\.
Java min ver:	
Java max ver:	
Bundled JRE(s):	C:\Program Files\Java\OpenJDK\JDK 18\jdk-18.0.2\bin
Check launcher:	C:\Program Files\Java\OpenJDK\JDK 18\jdk-18.0.2\bin\javaw.exe (OK)
Launcher:	C:\Program Files\Java\OpenJDK\JDK 18\jdk-18.0.2\bin\javaw.exe
Launcher args:	-jar "C:\Users\acomb\Desktop\csse220-arcade-game-project.exe"
Args length:	61/32768 chars
Exit code:	0


Version:	3.14
CmdLine:	C:\Users\acomb\Desktop\Jetman.exe --l4j-debug
WOW64:		yes
Working dir:	C:\Users\acomb\Desktop\.
Java min ver:	
Java max ver:	
Bundled JRE(s):	bin
Check launcher:	C:\Users\acomb\Desktop\bin\bin\javaw.exe (not found)
Error msg:	This application requires a Java Runtime Environment.


Version:	3.14
CmdLine:	C:\Users\acomb\Desktop\Jetman.exe --l4j-debug
WOW64:		yes
Working dir:	C:\Users\acomb\Desktop\.
Java min ver:	
Java max ver:	
Bundled JRE(s):	C:\Program Files\Java\OpenJDK\JDK 18\jdk-18.0.2
Check launcher:	C:\Program Files\Java\OpenJDK\JDK 18\jdk-18.0.2\bin\javaw.exe (OK)
Launcher:	C:\Program Files\Java\OpenJDK\JDK 18\jdk-18.0.2\bin\javaw.exe
Launcher args:	-jar "C:\Users\acomb\Desktop\Jetman.exe"
Args length:	40/32768 chars
Exit code:	0
